<?xml version="1.0" encoding="utf-8"?>
<?AutomationStudio Version="4.5.2.102"?>
<Objects>
  <Object
    Path="D:\AS-lab-1-master-1\Logical\Package.pkg"
    LogicalPath=""
    Type="Package.ParentUnknown"
    LastWriteTime="132133902380000000" />
  <Object
    Path="D:\AS-lab-1-master-1\Logical\Global.typ"
    LogicalPath="Global.typ"
    Type="File"
    LastWriteTime="132133902380000000"
    Private="false" />
  <Object
    Path="D:\AS-lab-1-master-1\Logical\Global.var"
    LogicalPath="Global.var"
    Type="File"
    LastWriteTime="132133902380000000"
    Private="false" />
  <Object
    Path="D:\AS-lab-1-master-1\Logical\Libraries\Package.pkg"
    LogicalPath="Libraries"
    Type="Package"
    LastWriteTime="132133902380000000" />
  <Object
    Path="D:\AS-lab-1-master-1\Logical\Libraries\operator\binary.lby"
    LogicalPath="Libraries.operator"
    Type="Library"
    LastWriteTime="132133902380000000" />
  <Object
    Path="D:\AS-lab-1-master-1\Logical\Libraries\operator\operator.fun"
    LogicalPath="Libraries.operator.operator.fun"
    Type="File"
    LastWriteTime="132133902380000000"
    Private="false" />
  <Object
    Path="D:\AS-lab-1-master-1\Logical\Libraries\operator\operator.typ"
    LogicalPath="Libraries.operator.operator.typ"
    Type="File"
    LastWriteTime="132133902380000000"
    Private="false" />
  <Object
    Path="D:\AS-lab-1-master-1\Logical\Libraries\operator\operator.var"
    LogicalPath="Libraries.operator.operator.var"
    Type="File"
    LastWriteTime="132133902380000000"
    Private="false" />
  <Object
    Path="D:\AS-lab-1-master-1\Logical\Libraries\runtime\binary.lby"
    LogicalPath="Libraries.runtime"
    Type="Library"
    LastWriteTime="132133902380000000" />
  <Object
    Path="D:\AS-lab-1-master-1\Logical\Libraries\runtime\runtime.fun"
    LogicalPath="Libraries.runtime.runtime.fun"
    Type="File"
    LastWriteTime="132133902380000000"
    Private="false" />
  <Object
    Path="D:\AS-lab-1-master-1\Logical\Libraries\runtime\runtime.typ"
    LogicalPath="Libraries.runtime.runtime.typ"
    Type="File"
    LastWriteTime="132133902380000000"
    Private="false" />
  <Object
    Path="D:\AS-lab-1-master-1\Logical\Libraries\runtime\runtime.var"
    LogicalPath="Libraries.runtime.runtime.var"
    Type="File"
    LastWriteTime="132133902380000000"
    Private="false" />
  <Object
    Path="D:\AS-lab-1-master-1\Logical\Libraries\astime\binary.lby"
    LogicalPath="Libraries.astime"
    Type="Library"
    LastWriteTime="132133902380000000" />
  <Object
    Path="D:\AS-lab-1-master-1\Logical\Libraries\astime\astime.fun"
    LogicalPath="Libraries.astime.astime.fun"
    Type="File"
    LastWriteTime="132133902380000000"
    Private="false" />
  <Object
    Path="D:\AS-lab-1-master-1\Logical\Libraries\astime\astime.typ"
    LogicalPath="Libraries.astime.astime.typ"
    Type="File"
    LastWriteTime="132133902380000000"
    Private="false" />
  <Object
    Path="D:\AS-lab-1-master-1\Logical\Libraries\astime\astime.var"
    LogicalPath="Libraries.astime.astime.var"
    Type="File"
    LastWriteTime="132133902380000000"
    Private="false" />
  <Object
    Path="D:\AS-lab-1-master-1\Logical\Libraries\AsIecCon\binary.lby"
    LogicalPath="Libraries.AsIecCon"
    Type="Library"
    LastWriteTime="132133902380000000" />
  <Object
    Path="D:\AS-lab-1-master-1\Logical\Libraries\AsIecCon\AsIecCon.fun"
    LogicalPath="Libraries.AsIecCon.AsIecCon.fun"
    Type="File"
    LastWriteTime="132133902380000000"
    Private="false" />
  <Object
    Path="D:\AS-lab-1-master-1\Logical\Libraries\AsIecCon\AsIecCon.typ"
    LogicalPath="Libraries.AsIecCon.AsIecCon.typ"
    Type="File"
    LastWriteTime="132133902380000000"
    Private="false" />
  <Object
    Path="D:\AS-lab-1-master-1\Logical\Libraries\AsIecCon\AsIecCon.var"
    LogicalPath="Libraries.AsIecCon.AsIecCon.var"
    Type="File"
    LastWriteTime="132133902380000000"
    Private="false" />
  <Object
    Path="D:\AS-lab-1-master-1\Logical\Libraries\MotorCtrl\ANSIC.lby"
    LogicalPath="Libraries.MotorCtrl"
    Type="Library"
    LastWriteTime="132133902380000000" />
  <Object
    Path="D:\AS-lab-1-master-1\Logical\Libraries\MotorCtrl\Types.typ"
    LogicalPath="Libraries.MotorCtrl.Types.typ"
    Type="File"
    LastWriteTime="132133902380000000"
    Private="false" />
  <Object
    Path="D:\AS-lab-1-master-1\Logical\Libraries\MotorCtrl\Constants.var"
    LogicalPath="Libraries.MotorCtrl.Constants.var"
    Type="File"
    LastWriteTime="132133902380000000"
    Private="false" />
  <Object
    Path="D:\AS-lab-1-master-1\Logical\Libraries\MotorCtrl\MotorCtrl.fun"
    LogicalPath="Libraries.MotorCtrl.MotorCtrl.fun"
    Type="File"
    LastWriteTime="132144170780252928"
    Private="false" />
  <Object
    Path="D:\AS-lab-1-master-1\Logical\Libraries\MotorCtrl\FB_Regulator.c"
    LogicalPath="Libraries.MotorCtrl.FB_Regulator.c"
    Type="File"
    LastWriteTime="132144343692054681"
    Private="false" />
  <Object
    Path="D:\AS-lab-1-master-1\Logical\Libraries\MotorCtrl\FB_Motor.c"
    LogicalPath="Libraries.MotorCtrl.FB_Motor.c"
    Type="File"
    LastWriteTime="132144343689720934"
    Private="false" />
  <Object
    Path="D:\AS-lab-1-master-1\Logical\Libraries\MotorCtrl\FB_Integrator.c"
    LogicalPath="Libraries.MotorCtrl.FB_Integrator.c"
    Type="File"
    LastWriteTime="132144186050304589"
    Private="false" />
  <Object
    Path="D:\AS-lab-1-master-1\Logical\Prog1\ANSIC.prg"
    LogicalPath="Prog1"
    Type="Program"
    LastWriteTime="132133902380000000" />
  <Object
    Path="D:\AS-lab-1-master-1\Logical\Prog1\Main.c"
    LogicalPath="Prog1.Main.c"
    Type="File"
    LastWriteTime="132144834346319089"
    Private="false" />
  <Object
    Path="D:\AS-lab-1-master-1\Logical\Prog1\Types.typ"
    LogicalPath="Prog1.Types.typ"
    Type="File"
    LastWriteTime="132133902380000000"
    Private="true" />
  <Object
    Path="D:\AS-lab-1-master-1\Logical\Prog1\Variables.var"
    LogicalPath="Prog1.Variables.var"
    Type="File"
    LastWriteTime="132144820645334076"
    Private="true" />
  <Object
    Path="D:\AS-lab-1-master-1\Physical\Config1\Config.pkg"
    LogicalPath="Config1"
    Type="Configuration.ParentUnknown"
    LastWriteTime="132133902380000000" />
  <Object
    Path="D:\AS-lab-1-master-1\Physical\Config1\Hardware.hw"
    LogicalPath="Config1.Hardware.hw"
    Type="File"
    LastWriteTime="132144821330312308"
    Private="false" />
  <Object
    Path="D:\AS-lab-1-master-1\Physical\Config1\Hardware.hwl"
    LogicalPath="Config1.Hardware.hwl"
    Type="File"
    LastWriteTime="132133902380000000"
    Private="false" />
  <Object
    Path="D:\AS-lab-1-master-1\Physical\Config1\4PP065_0571_P74\Cpu.pkg"
    LogicalPath="Config1.4PP065_0571_P74"
    Type="Cpu"
    LastWriteTime="132133902380000000" />
  <Object
    Path="D:\AS-lab-1-master-1\Physical\Config1\4PP065_0571_P74\Cpu.sw"
    LogicalPath="Config1.4PP065_0571_P74.Cpu.sw"
    Type="File"
    LastWriteTime="132133902380000000"
    Private="false" />
  <Object
    Path="D:\AS-lab-1-master-1\Physical\Config1\4PP065_0571_P74\Cpu.per"
    LogicalPath="Config1.4PP065_0571_P74.Cpu.per"
    Type="File"
    LastWriteTime="132133902380000000"
    Private="false" />
  <Object
    Path="D:\AS-lab-1-master-1\Physical\Config1\4PP065_0571_P74\IoMap.iom"
    LogicalPath="Config1.4PP065_0571_P74.IoMap.iom"
    Type="File"
    LastWriteTime="132133902380000000"
    Private="false" />
  <Object
    Path="D:\AS-lab-1-master-1\Physical\Config1\4PP065_0571_P74\PvMap.vvm"
    LogicalPath="Config1.4PP065_0571_P74.PvMap.vvm"
    Type="File"
    LastWriteTime="132133902380000000"
    Private="false" />
  <Object
    Path="D:\AS-lab-1-master-1\Physical\Config1\4PP065_0571_P74\Connectivity\Package.pkg"
    LogicalPath="Config1.4PP065_0571_P74.Connectivity"
    Type="Package"
    LastWriteTime="132133902380000000" />
  <Object
    Path="D:\AS-lab-1-master-1\Physical\Config1\4PP065_0571_P74\Connectivity\OpcUA\Package.pkg"
    LogicalPath="Config1.4PP065_0571_P74.Connectivity.OpcUA"
    Type="Package"
    LastWriteTime="132133902380000000" />
  <Object
    Path="D:\AS-lab-1-master-1\Physical\Config1\4PP065_0571_P74\TextSystem\Package.pkg"
    LogicalPath="Config1.4PP065_0571_P74.TextSystem"
    Type="Package"
    LastWriteTime="132133902380000000" />
  <Object
    Path="D:\AS-lab-1-master-1\Physical\Config1\4PP065_0571_P74\UnitSystem\Package.pkg"
    LogicalPath="Config1.4PP065_0571_P74.UnitSystem"
    Type="Package"
    LastWriteTime="132133902380000000" />
  <Object
    Path="D:\AS-lab-1-master-1\Physical\Config1\4PP065_0571_P74\AccessAndSecurity\Package.pkg"
    LogicalPath="Config1.4PP065_0571_P74.AccessAndSecurity"
    Type="Package"
    LastWriteTime="132133902380000000" />
  <Object
    Path="D:\AS-lab-1-master-1\Physical\Config1\4PP065_0571_P74\AccessAndSecurity\UserRoleSystem\Package.pkg"
    LogicalPath="Config1.4PP065_0571_P74.AccessAndSecurity.UserRoleSystem"
    Type="Package"
    LastWriteTime="132133902380000000" />
  <Object
    Path="D:\AS-lab-1-master-1\Physical\Config1\4PP065_0571_P74\AccessAndSecurity\UserRoleSystem\Role.role"
    LogicalPath="Config1.4PP065_0571_P74.AccessAndSecurity.UserRoleSystem.Role.role"
    Type="File"
    LastWriteTime="132133902380000000"
    Private="false" />
  <Object
    Path="D:\AS-lab-1-master-1\Physical\Config1\4PP065_0571_P74\AccessAndSecurity\UserRoleSystem\User.user"
    LogicalPath="Config1.4PP065_0571_P74.AccessAndSecurity.UserRoleSystem.User.user"
    Type="File"
    LastWriteTime="132133902380000000"
    Private="false" />
  <Object
    Path="D:\AS-lab-1-master-1\Physical\Config1\4PP065_0571_P74\AccessAndSecurity\CertificateStore\Package.pkg"
    LogicalPath="Config1.4PP065_0571_P74.AccessAndSecurity.CertificateStore"
    Type="Package"
    LastWriteTime="132133902380000000" />
  <Object
    Path="D:\AS-lab-1-master-1\Physical\Config1\4PP065_0571_P74\AccessAndSecurity\CertificateStore\OwnCertificates\Package.pkg"
    LogicalPath="Config1.4PP065_0571_P74.AccessAndSecurity.CertificateStore.OwnCertificates"
    Type="Package"
    LastWriteTime="132133902380000000" />
  <Object
    Path="D:\AS-lab-1-master-1\Physical\Config1\4PP065_0571_P74\AccessAndSecurity\CertificateStore\OwnCertificates\Certificates\Package.pkg"
    LogicalPath="Config1.4PP065_0571_P74.AccessAndSecurity.CertificateStore.OwnCertificates.Certificates"
    Type="Package"
    LastWriteTime="132133902380000000" />
  <Object
    Path="D:\AS-lab-1-master-1\Physical\Config1\4PP065_0571_P74\AccessAndSecurity\CertificateStore\OwnCertificates\PrivateKeys\Package.pkg"
    LogicalPath="Config1.4PP065_0571_P74.AccessAndSecurity.CertificateStore.OwnCertificates.PrivateKeys"
    Type="Package"
    LastWriteTime="132133902380000000" />
  <Object
    Path="D:\AS-lab-1-master-1\Physical\Config1\4PP065_0571_P74\AccessAndSecurity\CertificateStore\ThirdPartyCertificates\Package.pkg"
    LogicalPath="Config1.4PP065_0571_P74.AccessAndSecurity.CertificateStore.ThirdPartyCertificates"
    Type="Package"
    LastWriteTime="132133902380000000" />
  <Object
    Path="D:\AS-lab-1-master-1\Physical\Config1\4PP065_0571_P74\AccessAndSecurity\CertificateStore\ThirdPartyCertificates\SoftwareCertificates\Package.pkg"
    LogicalPath="Config1.4PP065_0571_P74.AccessAndSecurity.CertificateStore.ThirdPartyCertificates.SoftwareCertificates"
    Type="Package"
    LastWriteTime="132133902380000000" />
  <Object
    Path="D:\AS-lab-1-master-1\Physical\Config1\4PP065_0571_P74\AccessAndSecurity\CertificateStore\CertificateRevocationLists\Package.pkg"
    LogicalPath="Config1.4PP065_0571_P74.AccessAndSecurity.CertificateStore.CertificateRevocationLists"
    Type="Package"
    LastWriteTime="132133902380000000" />
  <Object
    Path="D:\AS-lab-1-master-1\Physical\Config1\4PP065_0571_P74\AccessAndSecurity\CertificateStore\CertificateSigningRequests\Package.pkg"
    LogicalPath="Config1.4PP065_0571_P74.AccessAndSecurity.CertificateStore.CertificateSigningRequests"
    Type="Package"
    LastWriteTime="132133902380000000" />
  <Object
    Path="D:\AS-lab-1-master-1\Physical\Config1\4PP065_0571_P74\AccessAndSecurity\TransportLayerSecurity\Package.pkg"
    LogicalPath="Config1.4PP065_0571_P74.AccessAndSecurity.TransportLayerSecurity"
    Type="Package"
    LastWriteTime="132133902380000000" />
  <Object
    Path="D:\AS-lab-1-master-1\Physical\Config1\4PP065_0571_P74\mappControl\Package.pkg"
    LogicalPath="Config1.4PP065_0571_P74.mappControl"
    Type="Package"
    LastWriteTime="132133902380000000" />
  <Object
    Path="D:\AS-lab-1-master-1\Physical\Config1\4PP065_0571_P74\mappMotion\Package.pkg"
    LogicalPath="Config1.4PP065_0571_P74.mappMotion"
    Type="Package"
    LastWriteTime="132133902380000000" />
  <Object
    Path="D:\AS-lab-1-master-1\Physical\Config1\4PP065_0571_P74\mappServices\Package.pkg"
    LogicalPath="Config1.4PP065_0571_P74.mappServices"
    Type="Package"
    LastWriteTime="132133902380000000" />
  <Object
    Path="D:\AS-lab-1-master-1\Physical\Config1\4PP065_0571_P74\mappView\Package.pkg"
    LogicalPath="Config1.4PP065_0571_P74.mappView"
    Type="Package"
    LastWriteTime="132133902380000000" />
  <Object
    Path="D:\AS-lab-1-master-1\Physical\Config1\4PP065_0571_P74\mappCockpit\Package.pkg"
    LogicalPath="Config1.4PP065_0571_P74.mappCockpit"
    Type="Package"
    LastWriteTime="132133902380000000" />
  <Object
    Path="D:\AS-lab-1-master-1\Physical\Config1\Hardware.jpg"
    LogicalPath="Config1.Hardware.jpg"
    Type="File"
    LastWriteTime="132133902380000000"
    Private="false" />
</Objects>